<?xml version="1.0" encoding="UTF-8"?>
<!-- Generated by org.testng.reporters.JUnitReportReporter -->
<testsuite skipped="0" hostname="DELL7490-2311" name="testScripts.TestNGDemo" tests="3" failures="0" timestamp="26 Aug 2020 15:56:04 GMT" time="0.006" errors="0">
  <testcase name="f2" time="0.002" classname="testScripts.TestNGDemo"/>
  <testcase name="f3" time="0.001" classname="testScripts.TestNGDemo"/>
  <testcase name="f1" time="0.003" classname="testScripts.TestNGDemo"/>
</testsuite> <!-- testScripts.TestNGDemo -->
