<?xml version="1.0" encoding="UTF-8"?>
<!-- Generated by org.testng.reporters.JUnitReportReporter -->
<testsuite skipped="1" hostname="DELL7490-2311" name="testScripts.TestNGDemo2" tests="22" failures="0" timestamp="26 Aug 2020 15:56:04 GMT" time="0.046" errors="0">
  <testcase name="f6" time="0.002" classname="testScripts.TestNGDemo2"/>
  <testcase name="f5" time="0.001" classname="testScripts.TestNGDemo2"/>
  <testcase name="f5" time="0.003" classname="testScripts.TestNGDemo2"/>
  <testcase name="f5" time="0.000" classname="testScripts.TestNGDemo2"/>
  <testcase name="f5" time="0.001" classname="testScripts.TestNGDemo2"/>
  <testcase name="f5" time="0.005" classname="testScripts.TestNGDemo2"/>
  <testcase name="f5" time="0.001" classname="testScripts.TestNGDemo2"/>
  <testcase name="f5" time="0.001" classname="testScripts.TestNGDemo2"/>
  <testcase name="f5" time="0.002" classname="testScripts.TestNGDemo2"/>
  <testcase name="f5" time="0.002" classname="testScripts.TestNGDemo2"/>
  <testcase name="f5" time="0.008" classname="testScripts.TestNGDemo2"/>
  <testcase name="f5" time="0.000" classname="testScripts.TestNGDemo2"/>
  <testcase name="f5" time="0.005" classname="testScripts.TestNGDemo2"/>
  <testcase name="f5" time="0.006" classname="testScripts.TestNGDemo2"/>
  <testcase name="f5" time="0.001" classname="testScripts.TestNGDemo2"/>
  <testcase name="f5" time="0.000" classname="testScripts.TestNGDemo2"/>
  <testcase name="f5" time="0.003" classname="testScripts.TestNGDemo2"/>
  <testcase name="f5" time="0.001" classname="testScripts.TestNGDemo2"/>
  <testcase name="f5" time="0.002" classname="testScripts.TestNGDemo2"/>
  <testcase name="f5" time="0.001" classname="testScripts.TestNGDemo2"/>
  <testcase name="f5" time="0.001" classname="testScripts.TestNGDemo2"/>
  <testcase name="f4" classname="testScripts.TestNGDemo2">
    <skipped/>
  </testcase> <!-- f4 -->
</testsuite> <!-- testScripts.TestNGDemo2 -->
