<?xml version="1.0" encoding="UTF-8"?>
<!-- Generated by org.testng.reporters.JUnitReportReporter -->
<testsuite skipped="0" hostname="DELL7490-2311" name="testScripts.ElementsInteraction" tests="2" failures="0" timestamp="28 Aug 2020 07:00:33 GMT" time="13.520" errors="0">
  <testcase name="elemementHandle" time="7.170" classname="testScripts.ElementsInteraction"/>
  <testcase name="verifyElementClickable" time="6.350" classname="testScripts.ElementsInteraction"/>
</testsuite> <!-- testScripts.ElementsInteraction -->
