<?xml version="1.0" encoding="UTF-8"?>
<!-- Generated by org.testng.reporters.JUnitReportReporter -->
<testsuite skipped="0" hostname="DELL7490-2311" name="testScripts.TestNGDemo3" tests="16" failures="0" timestamp="28 Aug 2020 11:42:49 GMT" time="0.028" errors="0">
  <testcase name="invocationCountDemo" time="0.001" classname="testScripts.TestNGDemo3"/>
  <testcase name="sanityTest" time="0.001" classname="testScripts.TestNGDemo3"/>
  <testcase name="regressionTest" time="0.000" classname="testScripts.TestNGDemo3"/>
  <testcase name="disableTestDemo" time="0.008" classname="testScripts.TestNGDemo3"/>
  <testcase name="invocationCountDemo" time="0.001" classname="testScripts.TestNGDemo3"/>
  <testcase name="invocationCountDemo" time="0.003" classname="testScripts.TestNGDemo3"/>
  <testcase name="invocationCountDemo" time="0.002" classname="testScripts.TestNGDemo3"/>
  <testcase name="validateInUI" time="0.001" classname="testScripts.TestNGDemo3"/>
  <testcase name="getServiceData" time="0.001" classname="testScripts.TestNGDemo3"/>
  <testcase name="invocationCountDemo" time="0.001" classname="testScripts.TestNGDemo3"/>
  <testcase name="invocationCountDemo" time="0.002" classname="testScripts.TestNGDemo3"/>
  <testcase name="invocationCountDemo" time="0.002" classname="testScripts.TestNGDemo3"/>
  <testcase name="parameterTest" time="0.001" classname="testScripts.TestNGDemo3"/>
  <testcase name="invocationCountDemo" time="0.002" classname="testScripts.TestNGDemo3"/>
  <testcase name="smokeTest" time="0.001" classname="testScripts.TestNGDemo3"/>
  <testcase name="invocationCountDemo" time="0.001" classname="testScripts.TestNGDemo3"/>
</testsuite> <!-- testScripts.TestNGDemo3 -->
