<?xml version="1.0" encoding="UTF-8"?>
<!-- Generated by org.testng.reporters.JUnitReportReporter -->
<testsuite hostname="DELL7490-2311" name="testScripts.SubmitForm" tests="2" failures="0" timestamp="28 Aug 2020 10:44:11 GMT" time="17.976" errors="0">
  <testcase name="verifySubmitFormUI" time="10.113" classname="testScripts.SubmitForm"/>
  <testcase name="verifyDemoLinkNavigation" time="7.863" classname="testScripts.SubmitForm"/>
</testsuite>
