<?xml version="1.0" encoding="UTF-8"?>
<!-- Generated by org.testng.reporters.JUnitReportReporter -->
<testsuite hostname="DELL7490-2311" name="testScripts.ElementsInteraction" tests="2" failures="0" timestamp="28 Aug 2020 10:44:11 GMT" time="19.024" errors="0">
  <testcase name="verifyElementClickable" time="6.303" classname="testScripts.ElementsInteraction"/>
  <testcase name="elemementHandle" time="12.721" classname="testScripts.ElementsInteraction"/>
</testsuite>
